2024-02-24 15:58:13.795  INFO 121439 --- [main] mts.mtech.Application                    : Starting Application using Java 17.0.9 on mitch-HP-Laptop with PID 121439 (/home/mitch/Documents/PROJECTS/JAVA/hotel-management/target/classes started by mitch in /home/mitch/Documents/PROJECTS/JAVA/hotel-management)
2024-02-24 15:58:13.799  INFO 121439 --- [main] mts.mtech.Application                    : No active profile set, falling back to 1 default profile: "default"
2024-02-24 15:58:17.756  INFO 121439 --- [main] .s.d.r.c.RepositoryConfigurationDelegate : Bootstrapping Spring Data JPA repositories in DEFAULT mode.
2024-02-24 15:58:18.038  INFO 121439 --- [main] .s.d.r.c.RepositoryConfigurationDelegate : Finished Spring Data repository scanning in 234 ms. Found 3 JPA repository interfaces.
2024-02-24 15:58:18.388  INFO 121439 --- [main] o.s.cloud.context.scope.GenericScope     : BeanFactory id=b23ff827-5ca2-3a00-9ee4-aca0d1d248c5
2024-02-24 15:58:19.295  INFO 121439 --- [main] o.s.b.w.embedded.tomcat.TomcatWebServer  : Tomcat initialized with port(s): 8635 (http)
2024-02-24 15:58:19.306  INFO 121439 --- [main] o.apache.catalina.core.StandardService   : Starting service [Tomcat]
2024-02-24 15:58:19.307  INFO 121439 --- [main] org.apache.catalina.core.StandardEngine  : Starting Servlet engine: [Apache Tomcat/9.0.65]
2024-02-24 15:58:19.841  INFO 121439 --- [main] o.a.c.c.C.[Tomcat].[localhost].[/]       : Initializing Spring embedded WebApplicationContext
2024-02-24 15:58:19.842  INFO 121439 --- [main] w.s.c.ServletWebServerApplicationContext : Root WebApplicationContext: initialization completed in 5974 ms
2024-02-24 15:58:19.925  INFO 121439 --- [main] .c.b.s.b.s.r.CamundaJerseyResourceConfig : Configuring camunda rest api.
2024-02-24 15:58:19.949  INFO 121439 --- [main] .c.b.s.b.s.r.CamundaJerseyResourceConfig : Finished configuring camunda rest api.
2024-02-24 15:58:21.222  INFO 121439 --- [main] o.hibernate.jpa.internal.util.LogHelper  : HHH000204: Processing PersistenceUnitInfo [name: default]
2024-02-24 15:58:21.375  INFO 121439 --- [main] org.hibernate.Version                    : HHH000412: Hibernate ORM core version 5.6.10.Final
2024-02-24 15:58:21.597  INFO 121439 --- [main] o.hibernate.annotations.common.Version   : HCANN000001: Hibernate Commons Annotations {5.1.2.Final}
2024-02-24 15:58:22.152  INFO 121439 --- [main] com.zaxxer.hikari.HikariDataSource       : HikariPool-1 - Starting...
2024-02-24 15:58:23.845  INFO 121439 --- [main] com.zaxxer.hikari.HikariDataSource       : HikariPool-1 - Start completed.
2024-02-24 15:58:23.898  INFO 121439 --- [main] org.hibernate.dialect.Dialect            : HHH000400: Using dialect: org.hibernate.dialect.PostgreSQLDialect
2024-02-24 15:58:26.528  INFO 121439 --- [main] o.h.e.t.j.p.i.JtaPlatformInitiator       : HHH000490: Using JtaPlatform implementation: [org.hibernate.engine.transaction.jta.platform.internal.NoJtaPlatform]
2024-02-24 15:58:26.585  INFO 121439 --- [main] j.LocalContainerEntityManagerFactoryBean : Initialized JPA EntityManagerFactory for persistence unit 'default'
2024-02-24 15:58:26.657  INFO 121439 --- [main] org.camunda.bpm.spring.boot              : STARTER-SB040 Setting up jobExecutor with corePoolSize=3, maxPoolSize:10
2024-02-24 15:58:26.901  INFO 121439 --- [main] org.camunda.bpm.engine.cfg               : ENGINE-12003 Plugin 'CompositeProcessEnginePlugin[genericPropertiesConfiguration, camundaProcessEngineConfiguration, camundaDatasourceConfiguration, camundaJpaConfiguration, camundaJobConfiguration, camundaHistoryConfiguration, camundaMetricsConfiguration, camundaAuthorizationConfiguration, camundaDeploymentConfiguration, CreateAdminUserConfiguration[adminUser=AdminUserProperty[id=demo, firstName=Demo, lastName=Demo, email=demo@localhost, password=******]], failedJobConfiguration, eventPublisherPlugin, ApplicationContextClassloaderSwitchPlugin, SpringBootSpinProcessEnginePlugin]' activated on process engine 'default'
2024-02-24 15:58:27.726  WARN 121439 --- [main] s.b.s.c.i.DefaultDeploymentConfiguration : unable to determine if resource URL [jar:file:/home/mitch/.m2/repository/org/camunda/bpm/dmn/camunda-engine-dmn/7.18.0/camunda-engine-dmn-7.18.0.jar!/META-INF/maven/org.camunda.bpm.dmn/] is a deployable resource
2024-02-24 15:58:27.727  WARN 121439 --- [main] s.b.s.c.i.DefaultDeploymentConfiguration : unable to determine if resource URL [jar:file:/home/mitch/.m2/repository/org/camunda/bpm/dmn/camunda-engine-feel-api/7.18.0/camunda-engine-feel-api-7.18.0.jar!/META-INF/maven/org.camunda.bpm.dmn/] is a deployable resource
2024-02-24 15:58:27.727  WARN 121439 --- [main] s.b.s.c.i.DefaultDeploymentConfiguration : unable to determine if resource URL [jar:file:/home/mitch/.m2/repository/org/camunda/bpm/dmn/camunda-engine-feel-juel/7.18.0/camunda-engine-feel-juel-7.18.0.jar!/META-INF/maven/org.camunda.bpm.dmn/] is a deployable resource
2024-02-24 15:58:27.727  WARN 121439 --- [main] s.b.s.c.i.DefaultDeploymentConfiguration : unable to determine if resource URL [jar:file:/home/mitch/.m2/repository/org/camunda/bpm/dmn/camunda-engine-feel-scala/7.18.0/camunda-engine-feel-scala-7.18.0.jar!/META-INF/maven/org.camunda.bpm.dmn/] is a deployable resource
2024-02-24 15:58:27.728  INFO 121439 --- [main] org.camunda.bpm.spring.boot              : STARTER-SB021 Auto-Deploying resources: [file [/home/mitch/Documents/PROJECTS/JAVA/hotel-management/target/classes/dmn/guest_age_limit.dmn], file [/home/mitch/Documents/PROJECTS/JAVA/hotel-management/target/classes/forms/ApprovalForm.form], file [/home/mitch/Documents/PROJECTS/JAVA/hotel-management/target/classes/bpmn/hotel_booking_bpmn.bpmn], file [/home/mitch/Documents/PROJECTS/JAVA/hotel-management/target/classes/dmn/roomType.dmn]]
2024-02-24 15:58:27.766  INFO 121439 --- [main] o.c.b.s.b.s.event.EventPublisherPlugin   : EVENTING-001: Initialized Camunda Spring Boot Eventing Engine Plugin.
2024-02-24 15:58:27.766  INFO 121439 --- [main] o.c.b.s.b.s.event.EventPublisherPlugin   : EVENTING-003: Task events will be published as Spring Events.
2024-02-24 15:58:27.766  INFO 121439 --- [main] o.c.b.s.b.s.event.EventPublisherPlugin   : EVENTING-005: Execution events will be published as Spring Events.
2024-02-24 15:58:27.768  INFO 121439 --- [main] o.c.b.s.b.s.event.EventPublisherPlugin   : EVENTING-007: History events will be published as Spring events.
2024-02-24 15:58:27.770  INFO 121439 --- [main] org.camunda.spin                         : SPIN-01010 Discovered Spin data format provider: org.camunda.spin.impl.json.jackson.format.JacksonJsonDataFormatProvider[name = application/json]
2024-02-24 15:58:28.391  INFO 121439 --- [main] org.camunda.spin                         : SPIN-01010 Discovered Spin data format provider: org.camunda.spin.impl.xml.dom.format.DomXmlDataFormatProvider[name = application/xml]
2024-02-24 15:58:28.781  INFO 121439 --- [main] org.camunda.spin                         : SPIN-01009 Discovered Spin data format: org.camunda.spin.impl.xml.dom.format.DomXmlDataFormat[name = application/xml]
2024-02-24 15:58:28.781  INFO 121439 --- [main] org.camunda.spin                         : SPIN-01009 Discovered Spin data format: org.camunda.spin.impl.json.jackson.format.JacksonJsonDataFormat[name = application/json]
2024-02-24 15:58:29.442  INFO 121439 --- [main] org.camunda.bpm.dmn.feel.scala           : FEEL/SCALA-01001 Spin value mapper detected
2024-02-24 15:58:29.597  INFO 121439 --- [main] org.camunda.feel.FeelEngine              : Engine created. [value-mapper: CompositeValueMapper(List(org.camunda.feel.impl.JavaValueMapper@27de9336, org.camunda.spin.plugin.impl.feel.integration.SpinValueMapper@19beeb61)), function-provider: org.camunda.bpm.dmn.feel.impl.scala.function.CustomFunctionTransformer@1aaa3406, clock: SystemClock, configuration: Configuration(false)]
2024-02-24 15:58:33.328  INFO 121439 --- [main] org.camunda.bpm.connect                  : CNCT-01004 Discovered provider for connector id 'http-connector' and class 'org.camunda.connect.httpclient.impl.HttpConnectorImpl': 'org.camunda.connect.httpclient.impl.HttpConnectorProviderImpl'
2024-02-24 15:58:33.331  INFO 121439 --- [main] org.camunda.bpm.connect                  : CNCT-01004 Discovered provider for connector id 'soap-http-connector' and class 'org.camunda.connect.httpclient.soap.impl.SoapHttpConnectorImpl': 'org.camunda.connect.httpclient.soap.impl.SoapHttpConnectorProviderImpl'
2024-02-24 15:58:33.757  INFO 121439 --- [main] org.camunda.bpm.engine                   : ENGINE-00001 Process Engine default created.
2024-02-24 15:58:33.938  INFO 121439 --- [main] org.camunda.bpm.spring.boot              : STARTER-SB011 Skip creating initial Admin User, user does exist: UserEntity[id=demo, revision=1, firstName=Demo, lastName=Demo, email=demo@localhost, password={SHA-512}qYTAeJ41lsdAQu6Cb/YH3FZvNFUsXkhu9KV30ZMuasNoPwc4X91TIRkaf1PUh04WAjIpJ/xSg20tTJMJwkxgow==, salt=OMNIDRPGfER++OTH1GpNCQ==, lockExpirationTime=null, attempts=0]
2024-02-24 15:58:36.076  WARN 121439 --- [main] JpaBaseConfiguration$JpaWebConfiguration : spring.jpa.open-in-view is enabled by default. Therefore, database queries may be performed during view rendering. Explicitly configure spring.jpa.open-in-view to disable this warning
2024-02-24 15:58:38.524  INFO 121439 --- [main] o.c.b.s.b.s.w.f.LazyInitRegistration     : lazy initialized org.camunda.bpm.spring.boot.starter.webapp.filter.LazyProcessEnginesFilter@191f4d65
2024-02-24 15:58:38.627  INFO 121439 --- [main] o.c.b.s.b.s.w.f.LazyInitRegistration     : lazy initialized org.camunda.bpm.spring.boot.starter.webapp.filter.LazySecurityFilter@ce655b9
2024-02-24 15:58:39.406  INFO 121439 --- [main] DiscoveryClientOptionalArgsConfiguration : Eureka HTTP Client uses Jersey
2024-02-24 15:58:39.620  WARN 121439 --- [main] iguration$LoadBalancerCaffeineWarnLogger : Spring Cloud LoadBalancer is currently working with the default cache. While this cache implementation is useful for development and tests, it's recommended to use Caffeine cache in production.You can switch to using Caffeine cache, by adding it and org.springframework.cache.caffeine.CaffeineCacheManager to the classpath.
2024-02-24 15:58:39.626  INFO 121439 --- [main] o.s.b.a.e.web.EndpointLinksResolver      : Exposing 1 endpoint(s) beneath base path '/actuator'
2024-02-24 15:58:39.683  INFO 121439 --- [main] o.s.c.n.eureka.InstanceInfoFactory       : Setting initial instance status as: STARTING
2024-02-24 15:58:39.912  INFO 121439 --- [main] com.netflix.discovery.DiscoveryClient    : Initializing Eureka in region us-east-1
2024-02-24 15:58:39.913  INFO 121439 --- [main] com.netflix.discovery.DiscoveryClient    : Client configured to neither register nor query for data.
2024-02-24 15:58:39.940  INFO 121439 --- [main] com.netflix.discovery.DiscoveryClient    : Discovery Client initialized at timestamp 1708783119939 with initial instances count: 0
2024-02-24 15:58:39.944  INFO 121439 --- [main] o.s.c.n.e.s.EurekaServiceRegistry        : Registering application BOOKING-MANAGEMENT with eureka with status UP
2024-02-24 15:58:39.995  INFO 121439 --- [main] o.s.b.w.embedded.tomcat.TomcatWebServer  : Tomcat started on port(s): 8635 (http) with context path ''
2024-02-24 15:58:39.995  INFO 121439 --- [main] .s.c.n.e.s.EurekaAutoServiceRegistration : Updating port to 8635
2024-02-24 15:58:40.018  INFO 121439 --- [main] mts.mtech.Application                    : Started Application in 27.58 seconds (JVM running for 29.11)
2024-02-24 15:58:40.110  INFO 121439 --- [main] org.camunda.bpm.engine.jobexecutor       : ENGINE-14014 Starting up the JobExecutor[org.camunda.bpm.engine.spring.components.jobexecutor.SpringJobExecutor].
2024-02-24 15:58:40.112  INFO 121439 --- [JobExecutor[org.camunda.bpm.engine.spring.components.jobexecutor.SpringJobExecutor]] org.camunda.bpm.engine.jobexecutor       : ENGINE-14018 JobExecutor[org.camunda.bpm.engine.spring.components.jobexecutor.SpringJobExecutor] starting to acquire jobs
2024-02-24 15:59:38.842  INFO 121439 --- [http-nio-8635-exec-1] o.a.c.c.C.[Tomcat].[localhost].[/]       : Initializing Spring DispatcherServlet 'dispatcherServlet'
2024-02-24 15:59:38.842  INFO 121439 --- [http-nio-8635-exec-1] o.s.web.servlet.DispatcherServlet        : Initializing Servlet 'dispatcherServlet'
2024-02-24 15:59:38.844  INFO 121439 --- [http-nio-8635-exec-1] o.s.web.servlet.DispatcherServlet        : Completed initialization in 2 ms
